This is pdfTeX, Version 3.14159265-2.6-1.40.20 (MiKTeX 2.9.7200 64-bit) (preloaded format=pdflatex 2019.10.22)  14 JAN 2020 00:40
entering extended mode
**./Consulta.tex
(Consulta.tex
LaTeX2e <2019-10-01> patch level 1
("C:\Users\WELCOME\AppData\Local\Programs\MiKTeX 2.9\tex/latex/base\article.cls
"
Document Class: article 2019/08/27 v1.4j Standard LaTeX document class
("C:\Users\WELCOME\AppData\Local\Programs\MiKTeX 2.9\tex/latex/base\size10.clo"
File: size10.clo 2019/08/27 v1.4j Standard LaTeX file (size option)
)
\c@part=\count80
\c@section=\count81
\c@subsection=\count82
\c@subsubsection=\count83
\c@paragraph=\count84
\c@subparagraph=\count85
\c@figure=\count86
\c@table=\count87
\abovecaptionskip=\skip41
\belowcaptionskip=\skip42
\bibindent=\dimen102
)
("C:\Users\WELCOME\AppData\Local\Programs\MiKTeX 2.9\tex/latex/base\inputenc.st
y"
Package: inputenc 2018/08/11 v1.3c Input encoding file
\inpenc@prehook=\toks14
\inpenc@posthook=\toks15
)
("C:\Users\WELCOME\AppData\Local\Programs\MiKTeX 2.9\tex/generic/babel\babel.st
y"
Package: babel 2019/10/15 3.35 The Babel package

("C:\Users\WELCOME\AppData\Local\Programs\MiKTeX 2.9\tex/generic/babel\switch.d
ef"
File: switch.def 2019/10/15 3.35 Babel switching mechanism
)
*************************************
* Local config file bblopts.cfg used
*

("C:\Users\WELCOME\AppData\Local\Programs\MiKTeX 2.9\tex/latex/arabi\bblopts.cf
g"
File: bblopts.cfg 2005/09/08 v0.1 add Arabic and Farsi to "declared" options of
 babel
)
("C:\Users\WELCOME\AppData\Local\Programs\MiKTeX 2.9\tex/latex/babel-spanish\sp
anish.ldf"
Language: spanish.ldf 2016/03/03 v5.0p Spanish support from the babel system

("C:\Users\WELCOME\AppData\Local\Programs\MiKTeX 2.9\tex/generic/babel\babel.de
f"
File: babel.def 2019/10/15 3.35 Babel common definitions
\babel@savecnt=\count88
\U@D=\dimen103

("C:\Users\WELCOME\AppData\Local\Programs\MiKTeX 2.9\tex/generic/babel\txtbabel
.def")
\bbl@dirlevel=\count89
)
\es@quottoks=\toks16
\es@quotdepth=\count90
Package babel Info: Making " an active character on input line 561.
Package babel Info: Making . an active character on input line 662.
Package babel Info: Making < an active character on input line 707.
Package babel Info: Making > an active character on input line 707.
))
("C:\Users\WELCOME\AppData\Local\Programs\MiKTeX 2.9\tex/latex/amsmath\amsmath.
sty"
Package: amsmath 2019/04/01 v2.17c AMS math features
\@mathmargin=\skip43

For additional information on amsmath, use the `?' option.

("C:\Users\WELCOME\AppData\Local\Programs\MiKTeX 2.9\tex/latex/amsmath\amstext.
sty"
Package: amstext 2000/06/29 v2.01 AMS text

("C:\Users\WELCOME\AppData\Local\Programs\MiKTeX 2.9\tex/latex/amsmath\amsgen.s
ty"
File: amsgen.sty 1999/11/30 v2.0 generic functions
\@emptytoks=\toks17
\ex@=\dimen104
))
("C:\Users\WELCOME\AppData\Local\Programs\MiKTeX 2.9\tex/latex/amsmath\amsbsy.s
ty"
Package: amsbsy 1999/11/29 v1.2d Bold Symbols
\pmbraise@=\dimen105
)
("C:\Users\WELCOME\AppData\Local\Programs\MiKTeX 2.9\tex/latex/amsmath\amsopn.s
ty"
Package: amsopn 2016/03/08 v2.02 operator names
)
\inf@bad=\count91
LaTeX Info: Redefining \frac on input line 227.
\uproot@=\count92
\leftroot@=\count93
LaTeX Info: Redefining \overline on input line 389.
\classnum@=\count94
\DOTSCASE@=\count95
LaTeX Info: Redefining \ldots on input line 486.
LaTeX Info: Redefining \dots on input line 489.
LaTeX Info: Redefining \cdots on input line 610.
\Mathstrutbox@=\box27
\strutbox@=\box28
\big@size=\dimen106
LaTeX Font Info:    Redeclaring font encoding OML on input line 733.
LaTeX Font Info:    Redeclaring font encoding OMS on input line 734.
\macc@depth=\count96
\c@MaxMatrixCols=\count97
\dotsspace@=\muskip10
\c@parentequation=\count98
\dspbrk@lvl=\count99
\tag@help=\toks18
\row@=\count100
\column@=\count101
\maxfields@=\count102
\andhelp@=\toks19
\eqnshift@=\dimen107
\alignsep@=\dimen108
\tagshift@=\dimen109
\tagwidth@=\dimen110
\totwidth@=\dimen111
\lineht@=\dimen112
\@envbody=\toks20
\multlinegap=\skip44
\multlinetaggap=\skip45
\mathdisplay@stack=\toks21
LaTeX Info: Redefining \[ on input line 2855.
LaTeX Info: Redefining \] on input line 2856.
)
("C:\Users\WELCOME\AppData\Local\Programs\MiKTeX 2.9\tex/latex/amsfonts\amssymb
.sty"
Package: amssymb 2013/01/14 v3.01 AMS font symbols

("C:\Users\WELCOME\AppData\Local\Programs\MiKTeX 2.9\tex/latex/amsfonts\amsfont
s.sty"
Package: amsfonts 2013/01/14 v3.01 Basic AMSFonts support
\symAMSa=\mathgroup4
\symAMSb=\mathgroup5
LaTeX Font Info:    Redeclaring math symbol \hbar on input line 98.
LaTeX Font Info:    Overwriting math alphabet `\mathfrak' in version `bold'
(Font)                  U/euf/m/n --> U/euf/b/n on input line 106.
))
("C:\Users\WELCOME\AppData\Local\Programs\MiKTeX 2.9\tex/latex/amscls\amsthm.st
y"
Package: amsthm 2017/10/31 v2.20.4
\thm@style=\toks22
\thm@bodyfont=\toks23
\thm@headfont=\toks24
\thm@notefont=\toks25
\thm@headpunct=\toks26
\thm@preskip=\skip46
\thm@postskip=\skip47
\thm@headsep=\skip48
\dth@everypar=\toks27
)
("C:\Users\WELCOME\AppData\Local\Programs\MiKTeX 2.9\tex/latex/graphics\graphic
x.sty"
Package: graphicx 2017/06/01 v1.1a Enhanced LaTeX Graphics (DPC,SPQR)

("C:\Users\WELCOME\AppData\Local\Programs\MiKTeX 2.9\tex/latex/graphics\keyval.
sty"
Package: keyval 2014/10/28 v1.15 key=value parser (DPC)
\KV@toks@=\toks28
)
("C:\Users\WELCOME\AppData\Local\Programs\MiKTeX 2.9\tex/latex/graphics\graphic
s.sty"
Package: graphics 2019/10/08 v1.3c Standard LaTeX Graphics (DPC,SPQR)

("C:\Users\WELCOME\AppData\Local\Programs\MiKTeX 2.9\tex/latex/graphics\trig.st
y"
Package: trig 2016/01/03 v1.10 sin cos tan (DPC)
)
("C:\Users\WELCOME\AppData\Local\Programs\MiKTeX 2.9\tex/latex/graphics-cfg\gra
phics.cfg"
File: graphics.cfg 2016/06/04 v1.11 sample graphics configuration
)
Package graphics Info: Driver file: pdftex.def on input line 105.

("C:\Users\WELCOME\AppData\Local\Programs\MiKTeX 2.9\tex/latex/graphics-def\pdf
tex.def"
File: pdftex.def 2018/01/08 v1.0l Graphics/color driver for pdftex
))
\Gin@req@height=\dimen113
\Gin@req@width=\dimen114
)
("C:\Users\WELCOME\AppData\Local\Programs\MiKTeX 2.9\tex/latex/tools\multicol.s
ty"
Package: multicol 2019/03/01 v1.8w multicolumn formatting (FMi)
\c@tracingmulticols=\count103
\mult@box=\box29
\multicol@leftmargin=\dimen115
\c@unbalance=\count104
\c@collectmore=\count105
\doublecol@number=\count106
\multicoltolerance=\count107
\multicolpretolerance=\count108
\full@width=\dimen116
\page@free=\dimen117
\premulticols=\dimen118
\postmulticols=\dimen119
\multicolsep=\skip49
\multicolbaselineskip=\skip50
\partial@page=\box30
\last@line=\box31
\maxbalancingoverflow=\dimen120
\mult@rightbox=\box32
\mult@grightbox=\box33
\mult@gfirstbox=\box34
\mult@firstbox=\box35
\@tempa=\box36
\@tempa=\box37
\@tempa=\box38
\@tempa=\box39
\@tempa=\box40
\@tempa=\box41
\@tempa=\box42
\@tempa=\box43
\@tempa=\box44
\@tempa=\box45
\@tempa=\box46
\@tempa=\box47
\@tempa=\box48
\@tempa=\box49
\@tempa=\box50
\@tempa=\box51
\@tempa=\box52
\c@minrows=\count109
\c@columnbadness=\count110
\c@finalcolumnbadness=\count111
\last@try=\dimen121
\multicolovershoot=\dimen122
\multicolundershoot=\dimen123
\mult@nat@firstbox=\box53
\colbreak@box=\box54
\mc@col@check@num=\count112
)
("C:\Users\WELCOME\AppData\Local\Programs\MiKTeX 2.9\tex/latex/multirow\multiro
w.sty"
Package: multirow 2019/05/31 v2.5 Span multiple rows of a table
\multirow@colwidth=\skip51
\multirow@cntb=\count113
\multirow@dima=\skip52
\bigstrutjot=\dimen124
)
("C:\Users\WELCOME\AppData\Local\Programs\MiKTeX 2.9\tex/latex/tools\array.sty"
Package: array 2019/08/31 v2.4l Tabular extension package (FMi)
\col@sep=\dimen125
\ar@mcellbox=\box55
\extrarowheight=\dimen126
\NC@list=\toks29
\extratabsurround=\skip53
\backup@length=\skip54
\ar@cellbox=\box56
)
("C:\Users\WELCOME\AppData\Local\Programs\MiKTeX 2.9\tex/latex/titling\titling.
sty"
Package: titling 2009/09/04 v2.1d maketitle typesetting
\thanksmarkwidth=\skip55
\thanksmargin=\skip56
\droptitle=\skip57
)
("C:\Users\WELCOME\AppData\Local\Programs\MiKTeX 2.9\tex/latex/titlesec\titlese
c.sty"
Package: titlesec 2019/10/16 v2.13 Sectioning titles
\ttl@box=\box57
\beforetitleunit=\skip58
\aftertitleunit=\skip59
\ttl@plus=\dimen127
\ttl@minus=\dimen128
\ttl@toksa=\toks30
\titlewidth=\dimen129
\titlewidthlast=\dimen130
\titlewidthfirst=\dimen131
)
("C:\Users\WELCOME\AppData\Local\Programs\MiKTeX 2.9\tex/latex/tools\bm.sty"
Package: bm 2019/07/24 v1.2d Bold Symbol Support (DPC/FMi)
\symboldoperators=\mathgroup6
\symboldletters=\mathgroup7
\symboldsymbols=\mathgroup8
LaTeX Font Info:    Redeclaring math alphabet \mathbf on input line 141.
LaTeX Info: Redefining \bm on input line 209.
)
("C:\Users\WELCOME\AppData\Local\Programs\MiKTeX 2.9\tex/latex/tools\afterpage.
sty"
Package: afterpage 2014/10/28 v1.08 After-Page Package (DPC)
\AP@output=\toks31
\AP@partial=\box58
\AP@footins=\box59
)
("C:\Users\WELCOME\AppData\Local\Programs\MiKTeX 2.9\tex/latex/float\float.sty"
Package: float 2001/11/08 v1.3d Float enhancements (AL)
\c@float@type=\count114
\float@exts=\toks32
\float@box=\box60
\@float@everytoks=\toks33
\@floatcapt=\box61
)
("C:\Users\WELCOME\AppData\Local\Programs\MiKTeX 2.9\tex/latex/oberdiek\epstopd
f.sty"
Package: epstopdf 2016/05/15 v2.6 Conversion with epstopdf on the fly (HO)

("C:\Users\WELCOME\AppData\Local\Programs\MiKTeX 2.9\tex/latex/oberdiek\epstopd
f-base.sty"
Package: epstopdf-base 2016/05/15 v2.6 Base part for package epstopdf

("C:\Users\WELCOME\AppData\Local\Programs\MiKTeX 2.9\tex/generic/oberdiek\infwa
rerr.sty"
Package: infwarerr 2016/05/16 v1.4 Providing info/warning/error messages (HO)
)
("C:\Users\WELCOME\AppData\Local\Programs\MiKTeX 2.9\tex/latex/oberdiek\grfext.
sty"
Package: grfext 2016/05/16 v1.2 Manage graphics extensions (HO)

("C:\Users\WELCOME\AppData\Local\Programs\MiKTeX 2.9\tex/generic/oberdiek\kvdef
inekeys.sty"
Package: kvdefinekeys 2016/05/16 v1.4 Define keys (HO)

("C:\Users\WELCOME\AppData\Local\Programs\MiKTeX 2.9\tex/generic/oberdiek\ltxcm
ds.sty"
Package: ltxcmds 2016/05/16 v1.23 LaTeX kernel commands for general use (HO)
)))
("C:\Users\WELCOME\AppData\Local\Programs\MiKTeX 2.9\tex/latex/oberdiek\kvoptio
ns.sty"
Package: kvoptions 2016/05/16 v3.12 Key value format for package options (HO)

("C:\Users\WELCOME\AppData\Local\Programs\MiKTeX 2.9\tex/generic/oberdiek\kvset
keys.sty"
Package: kvsetkeys 2016/05/16 v1.17 Key value parser (HO)

("C:\Users\WELCOME\AppData\Local\Programs\MiKTeX 2.9\tex/generic/oberdiek\etexc
mds.sty"
Package: etexcmds 2016/05/16 v1.6 Avoid name clashes with e-TeX commands (HO)

("C:\Users\WELCOME\AppData\Local\Programs\MiKTeX 2.9\tex/generic/oberdiek\iflua
tex.sty"
Package: ifluatex 2016/05/16 v1.4 Provides the ifluatex switch (HO)
Package ifluatex Info: LuaTeX not detected.
))))
("C:\Users\WELCOME\AppData\Local\Programs\MiKTeX 2.9\tex/generic/oberdiek\pdfte
xcmds.sty"
Package: pdftexcmds 2019/07/25 v0.30 Utility functions of pdfTeX for LuaTeX (HO
)

("C:\Users\WELCOME\AppData\Local\Programs\MiKTeX 2.9\tex/generic/oberdiek\ifpdf
.sty"
Package: ifpdf 2018/09/07 v3.3 Provides the ifpdf switch
)
Package pdftexcmds Info: LuaTeX not detected.
Package pdftexcmds Info: \pdf@primitive is available.
Package pdftexcmds Info: \pdf@ifprimitive is available.
Package pdftexcmds Info: \pdfdraftmode found.
)
Package epstopdf-base Info: Redefining graphics rule for `.eps' on input line 4
38.
Package grfext Info: Graphics extension search list:
(grfext)             [.pdf,.png,.jpg,.mps,.jpeg,.jbig2,.jb2,.PDF,.PNG,.JPG,.JPE
G,.JBIG2,.JB2,.eps]
(grfext)             \AppendGraphicsExtensions on input line 456.
))
("C:\Users\WELCOME\AppData\Local\Programs\MiKTeX 2.9\tex/latex/tools\longtable.
sty"
Package: longtable 2019/02/06 v4.12 Multi-page Table package (DPC)
\LTleft=\skip60
\LTright=\skip61
\LTpre=\skip62
\LTpost=\skip63
\LTchunksize=\count115
\LTcapwidth=\dimen132
\LT@head=\box62
\LT@firsthead=\box63
\LT@foot=\box64
\LT@lastfoot=\box65
\LT@cols=\count116
\LT@rows=\count117
\c@LT@tables=\count118
\c@LT@chunks=\count119
\LT@p@ftn=\toks34
)
("C:\Users\WELCOME\AppData\Local\Programs\MiKTeX 2.9\tex/latex/xcolor\xcolor.st
y"
Package: xcolor 2016/05/11 v2.12 LaTeX color extensions (UK)

("C:\Users\WELCOME\AppData\Local\Programs\MiKTeX 2.9\tex/latex/graphics-cfg\col
or.cfg"
File: color.cfg 2016/01/02 v1.6 sample color configuration
)
Package xcolor Info: Driver file: pdftex.def on input line 225.
Package xcolor Info: Model `cmy' substituted by `cmy0' on input line 1348.
Package xcolor Info: Model `hsb' substituted by `rgb' on input line 1352.
Package xcolor Info: Model `RGB' extended on input line 1364.
Package xcolor Info: Model `HTML' substituted by `rgb' on input line 1366.
Package xcolor Info: Model `Hsb' substituted by `hsb' on input line 1367.
Package xcolor Info: Model `tHsb' substituted by `hsb' on input line 1368.
Package xcolor Info: Model `HSB' substituted by `hsb' on input line 1369.
Package xcolor Info: Model `Gray' substituted by `gray' on input line 1370.
Package xcolor Info: Model `wave' substituted by `hsb' on input line 1371.
)
("C:\Users\WELCOME\AppData\Local\Programs\MiKTeX 2.9\tex/latex/epigraph\epigrap
h.sty"
Package: epigraph 2009/09/02 v1.5c typesetting epigraphs
\beforeepigraphskip=\skip64
\afterepigraphskip=\skip65
\epigraphwidth=\skip66
\epigraphrule=\skip67
)
("C:\Users\WELCOME\AppData\Local\Programs\MiKTeX 2.9\tex/latex/subfigure\subfig
ure.sty"
Package: subfigure 2002/07/30 v2.1.4 subfigure package
\subfigtopskip=\skip68
\subfigcapskip=\skip69
\subfigcaptopadj=\dimen133
\subfigbottomskip=\skip70
\subfigcapmargin=\dimen134
\subfiglabelskip=\skip71
\c@subfigure=\count120
\c@lofdepth=\count121
\c@subtable=\count122
\c@lotdepth=\count123

****************************************
* Local config file subfigure.cfg used *
****************************************

("C:\Users\WELCOME\AppData\Local\Programs\MiKTeX 2.9\tex/latex/subfigure\subfig
ure.cfg")
\subfig@top=\skip72
\subfig@bottom=\skip73
)
("C:\Users\WELCOME\AppData\Local\Programs\MiKTeX 2.9\tex/latex/anyfontsize\anyf
ontsize.sty"
Package: anyfontsize 2007/11/22 anyfontsize.sty by pts
)
("C:\Users\WELCOME\AppData\Local\Programs\MiKTeX 2.9\tex/latex/listings\listing
s.sty"
\lst@mode=\count124
\lst@gtempboxa=\box66
\lst@token=\toks35
\lst@length=\count125
\lst@currlwidth=\dimen135
\lst@column=\count126
\lst@pos=\count127
\lst@lostspace=\dimen136
\lst@width=\dimen137
\lst@newlines=\count128
\lst@lineno=\count129
\lst@maxwidth=\dimen138

("C:\Users\WELCOME\AppData\Local\Programs\MiKTeX 2.9\tex/latex/listings\lstmisc
.sty"
File: lstmisc.sty 2019/09/10 1.8c (Carsten Heinz)
\c@lstnumber=\count130
\lst@skipnumbers=\count131
\lst@framebox=\box67
)
("C:\Users\WELCOME\AppData\Local\Programs\MiKTeX 2.9\tex/latex/listings\listing
s.cfg"
File: listings.cfg 2019/09/10 1.8c listings configuration
))
Package: listings 2019/09/10 1.8c (Carsten Heinz)

("C:\Users\WELCOME\AppData\Local\Programs\MiKTeX 2.9\tex/latex/geometry\geometr
y.sty"
Package: geometry 2018/04/16 v5.8 Page Geometry

("C:\Users\WELCOME\AppData\Local\Programs\MiKTeX 2.9\tex/generic/oberdiek\ifvte
x.sty"
Package: ifvtex 2016/05/16 v1.6 Detect VTeX and its facilities (HO)
Package ifvtex Info: VTeX not detected.
)
("C:\Users\WELCOME\AppData\Local\Programs\MiKTeX 2.9\tex/generic/ifxetex\ifxete
x.sty"
Package: ifxetex 2010/09/12 v0.6 Provides ifxetex conditional
)
\Gm@cnth=\count132
\Gm@cntv=\count133
\c@Gm@tempcnt=\count134
\Gm@bindingoffset=\dimen139
\Gm@wd@mp=\dimen140
\Gm@odd@mp=\dimen141
\Gm@even@mp=\dimen142
\Gm@layoutwidth=\dimen143
\Gm@layoutheight=\dimen144
\Gm@layouthoffset=\dimen145
\Gm@layoutvoffset=\dimen146
\Gm@dimlist=\toks36

("C:\Users\WELCOME\AppData\Local\Programs\MiKTeX 2.9\tex/latex/geometry\geometr
y.cfg"))
("C:\Users\WELCOME\AppData\Local\Programs\MiKTeX 2.9\tex/latex/hyperref\hyperre
f.sty"
Package: hyperref 2019/09/28 v7.00a Hypertext links for LaTeX

("C:\Users\WELCOME\AppData\Local\Programs\MiKTeX 2.9\tex/generic/oberdiek\hobsu
b-hyperref.sty"
Package: hobsub-hyperref 2016/05/16 v1.14 Bundle oberdiek, subset hyperref (HO)


("C:\Users\WELCOME\AppData\Local\Programs\MiKTeX 2.9\tex/generic/oberdiek\hobsu
b-generic.sty"
Package: hobsub-generic 2016/05/16 v1.14 Bundle oberdiek, subset generic (HO)
Package: hobsub 2016/05/16 v1.14 Construct package bundles (HO)
Package hobsub Info: Skipping package `infwarerr' (already loaded).
Package hobsub Info: Skipping package `ltxcmds' (already loaded).
Package hobsub Info: Skipping package `ifluatex' (already loaded).
Package hobsub Info: Skipping package `ifvtex' (already loaded).
Package: intcalc 2016/05/16 v1.2 Expandable calculations with integers (HO)
Package hobsub Info: Skipping package `ifpdf' (already loaded).
Package hobsub Info: Skipping package `etexcmds' (already loaded).
Package hobsub Info: Skipping package `kvsetkeys' (already loaded).
Package hobsub Info: Skipping package `kvdefinekeys' (already loaded).
Package hobsub Info: Skipping package `pdftexcmds' (already loaded).
Package: pdfescape 2016/05/16 v1.14 Implements pdfTeX's escape features (HO)
Package: bigintcalc 2016/05/16 v1.4 Expandable calculations on big integers (HO
)
Package: bitset 2016/05/16 v1.2 Handle bit-vector datatype (HO)
Package: uniquecounter 2016/05/16 v1.3 Provide unlimited unique counter (HO)
)
Package hobsub Info: Skipping package `hobsub' (already loaded).
Package: letltxmacro 2016/05/16 v1.5 Let assignment for LaTeX macros (HO)
Package: hopatch 2016/05/16 v1.3 Wrapper for package hooks (HO)
Package: xcolor-patch 2016/05/16 xcolor patch
Package: atveryend 2016/05/16 v1.9 Hooks at the very end of document (HO)
Package atveryend Info: \AP@enddocument detected (standard20110627).
Package: atbegshi 2016/06/09 v1.18 At begin shipout hook (HO)
Package: refcount 2016/05/16 v3.5 Data extraction from label references (HO)
Package: hycolor 2016/05/16 v1.8 Color options for hyperref/bookmark (HO)
)
("C:\Users\WELCOME\AppData\Local\Programs\MiKTeX 2.9\tex/latex/oberdiek\auxhook
.sty"
Package: auxhook 2016/05/16 v1.4 Hooks for auxiliary files (HO)
)
\@linkdim=\dimen147
\Hy@linkcounter=\count135
\Hy@pagecounter=\count136

("C:\Users\WELCOME\AppData\Local\Programs\MiKTeX 2.9\tex/latex/hyperref\pd1enc.
def"
File: pd1enc.def 2019/09/28 v7.00a Hyperref: PDFDocEncoding definition (HO)
Now handling font encoding PD1 ...
... no UTF-8 mapping file for font encoding PD1
)
\Hy@SavedSpaceFactor=\count137

("C:\Users\WELCOME\AppData\Local\Programs\MiKTeX 2.9\tex/latex/00miktex\hyperre
f.cfg"
File: hyperref.cfg 2002/06/06 v1.2 hyperref configuration of TeXLive
)
Package hyperref Info: Option `colorlinks' set `true' on input line 4414.
Package hyperref Info: Hyper figures OFF on input line 4540.
Package hyperref Info: Link nesting OFF on input line 4545.
Package hyperref Info: Hyper index ON on input line 4548.
Package hyperref Info: Plain pages OFF on input line 4555.
Package hyperref Info: Backreferencing OFF on input line 4560.
Package hyperref Info: Implicit mode ON; LaTeX internals redefined.
Package hyperref Info: Bookmarks ON on input line 4793.
\c@Hy@tempcnt=\count138

("C:\Users\WELCOME\AppData\Local\Programs\MiKTeX 2.9\tex/latex/url\url.sty"
\Urlmuskip=\muskip11
Package: url 2013/09/16  ver 3.4  Verb mode for urls, etc.
)
LaTeX Info: Redefining \url on input line 5152.
\XeTeXLinkMargin=\dimen148
\Fld@menulength=\count139
\Field@Width=\dimen149
\Fld@charsize=\dimen150
Package hyperref Info: Hyper figures OFF on input line 6423.
Package hyperref Info: Link nesting OFF on input line 6428.
Package hyperref Info: Hyper index ON on input line 6431.
Package hyperref Info: backreferencing OFF on input line 6438.
Package hyperref Info: Link coloring ON on input line 6441.
Package hyperref Info: Link coloring with OCG OFF on input line 6448.
Package hyperref Info: PDF/A mode OFF on input line 6453.
LaTeX Info: Redefining \ref on input line 6493.
LaTeX Info: Redefining \pageref on input line 6497.
\Hy@abspage=\count140
\c@Item=\count141
\c@Hfootnote=\count142
)
Package hyperref Info: Driver (autodetected): hpdftex.

("C:\Users\WELCOME\AppData\Local\Programs\MiKTeX 2.9\tex/latex/hyperref\hpdftex
.def"
File: hpdftex.def 2019/09/28 v7.00a Hyperref driver for pdfTeX
\Fld@listcount=\count143
\c@bookmark@seq@number=\count144

("C:\Users\WELCOME\AppData\Local\Programs\MiKTeX 2.9\tex/latex/oberdiek\rerunfi
lecheck.sty"
Package: rerunfilecheck 2016/05/16 v1.8 Rerun checks for auxiliary files (HO)
Package uniquecounter Info: New unique counter `rerunfilecheck' on input line 2
82.
)
\Hy@SectionHShift=\skip74
) (arduinoLanguage.tex
("C:\Users\WELCOME\AppData\Local\Programs\MiKTeX 2.9\tex/latex/psnfss\courier.s
ty"
Package: courier 2005/04/12 PSNFSS-v9.2a (WaS) 
)) (Consulta.aux
LaTeX Info: Redefining \. on input line 24.
LaTeX Info: Redefining \% on input line 24.


LaTeX Warning: Label `eq:acc' multiply defined.


LaTeX Warning: Label `esquematic' multiply defined.

)
\openout1 = `Consulta.aux'.

LaTeX Font Info:    Checking defaults for OML/cmm/m/it on input line 29.
LaTeX Font Info:    ... okay on input line 29.
LaTeX Font Info:    Checking defaults for T1/cmr/m/n on input line 29.
LaTeX Font Info:    ... okay on input line 29.
LaTeX Font Info:    Checking defaults for OT1/cmr/m/n on input line 29.
LaTeX Font Info:    ... okay on input line 29.
LaTeX Font Info:    Checking defaults for OMS/cmsy/m/n on input line 29.
LaTeX Font Info:    ... okay on input line 29.
LaTeX Font Info:    Checking defaults for OMX/cmex/m/n on input line 29.
LaTeX Font Info:    ... okay on input line 29.
LaTeX Font Info:    Checking defaults for U/cmr/m/n on input line 29.
LaTeX Font Info:    ... okay on input line 29.
LaTeX Font Info:    Checking defaults for PD1/pdf/m/n on input line 29.
LaTeX Font Info:    ... okay on input line 29.
LaTeX Info: Redefining \. on input line 29.
LaTeX Info: Redefining \% on input line 29.

("C:\Users\WELCOME\AppData\Local\Programs\MiKTeX 2.9\tex/context/base/mkii\supp
-pdf.mkii"
[Loading MPS to PDF converter (version 2006.09.02).]
\scratchcounter=\count145
\scratchdimen=\dimen151
\scratchbox=\box68
\nofMPsegments=\count146
\nofMParguments=\count147
\everyMPshowfont=\toks37
\MPscratchCnt=\count148
\MPscratchDim=\dimen152
\MPnumerator=\count149
\makeMPintoPDFobject=\count150
\everyMPtoPDFconversion=\toks38
)
\c@lstlisting=\count151

*geometry* driver: auto-detecting
*geometry* detected driver: pdftex
*geometry* verbose mode - [ preamble ] result:
* driver: pdftex
* paper: a4paper
* layout: <same size as paper>
* layoutoffset:(h,v)=(0.0pt,0.0pt)
* modes: 
* h-part:(L,W,R)=(56.9055pt, 483.69687pt, 56.9055pt)
* v-part:(T,H,B)=(56.9055pt, 731.23584pt, 56.9055pt)
* \paperwidth=597.50787pt
* \paperheight=845.04684pt
* \textwidth=483.69687pt
* \textheight=731.23584pt
* \oddsidemargin=-15.36449pt
* \evensidemargin=-15.36449pt
* \topmargin=-52.36449pt
* \headheight=12.0pt
* \headsep=25.0pt
* \topskip=10.0pt
* \footskip=30.0pt
* \marginparwidth=57.0pt
* \marginparsep=11.0pt
* \columnsep=10.0pt
* \skip\footins=9.0pt plus 4.0pt minus 2.0pt
* \hoffset=0.0pt
* \voffset=0.0pt
* \mag=1000
* \@twocolumnfalse
* \@twosidefalse
* \@mparswitchfalse
* \@reversemarginfalse
* (1in=72.27pt=25.4mm, 1cm=28.453pt)

\AtBeginShipoutBox=\box69
Package hyperref Info: Link coloring ON on input line 29.

("C:\Users\WELCOME\AppData\Local\Programs\MiKTeX 2.9\tex/latex/hyperref\nameref
.sty"
Package: nameref 2019/09/16 v2.46 Cross-referencing by name of section

("C:\Users\WELCOME\AppData\Local\Programs\MiKTeX 2.9\tex/generic/oberdiek\getti
tlestring.sty"
Package: gettitlestring 2016/05/16 v1.5 Cleanup title references (HO)
)
\c@section@level=\count152
)
LaTeX Info: Redefining \ref on input line 29.
LaTeX Info: Redefining \pageref on input line 29.
LaTeX Info: Redefining \nameref on input line 29.
 (Consulta.out) (Consulta.out)
\@outlinefile=\write3
\openout3 = `Consulta.out'.

LaTeX Font Info:    Trying to load font information for U+msa on input line 36.


("C:\Users\WELCOME\AppData\Local\Programs\MiKTeX 2.9\tex/latex/amsfonts\umsa.fd
"
File: umsa.fd 2013/01/14 v3.01 AMS symbols A
)
LaTeX Font Info:    Trying to load font information for U+msb on input line 36.


("C:\Users\WELCOME\AppData\Local\Programs\MiKTeX 2.9\tex/latex/amsfonts\umsb.fd
"
File: umsb.fd 2013/01/14 v3.01 AMS symbols B
)
Overfull \vbox (40.6358pt too high) detected at line 51
 []


Underfull \hbox (badness 10000) in paragraph at lines 58--59

 []

[1

{C:/Users/WELCOME/AppData/Local/MiKTeX/2.9/pdftex/config/pdftex.map}]
[2]
Underfull \hbox (badness 10000) in paragraph at lines 127--129

 []


Underfull \hbox (badness 10000) in paragraph at lines 130--131

 []

<AUCC.PNG, id=91, 314.3745pt x 268.6035pt>
File: AUCC.PNG Graphic file (type png)
<use AUCC.PNG>
Package pdftex.def Info: AUCC.PNG  used on input line 135.
(pdftex.def)             Requested size: 157.18686pt x 134.30142pt.
<AUC1.PNG, id=93, 917.829pt x 278.2395pt>
File: AUC1.PNG Graphic file (type png)
<use AUC1.PNG>
Package pdftex.def Info: AUC1.PNG  used on input line 142.
(pdftex.def)             Requested size: 458.91338pt x 139.1194pt.
<AUC07.PNG, id=94, 894.9435pt x 293.29575pt>
File: AUC07.PNG Graphic file (type png)
<use AUC07.PNG>
Package pdftex.def Info: AUC07.PNG  used on input line 148.
(pdftex.def)             Requested size: 447.47066pt x 146.6475pt.
[3 <./AUCC.PNG> <./AUC1.PNG>]
<AUC05.PNG, id=104, 803.4015pt x 309.5565pt>
File: AUC05.PNG Graphic file (type png)
<use AUC05.PNG>
Package pdftex.def Info: AUC05.PNG  used on input line 156.
(pdftex.def)             Requested size: 401.69977pt x 154.77786pt.
<AUC0.PNG, id=105, 894.9435pt x 267.399pt>
File: AUC0.PNG Graphic file (type png)
<use AUC0.PNG>
Package pdftex.def Info: AUC0.PNG  used on input line 161.
(pdftex.def)             Requested size: 447.47066pt x 133.69917pt.
 [4 <./AUC07.PNG> <./AUC05.PNG> <./AUC0.PNG>]
<knn.PNG, id=116, 80.7015pt x 93.951pt>
File: knn.PNG Graphic file (type png)
<use knn.PNG>
Package pdftex.def Info: knn.PNG  used on input line 173.
(pdftex.def)             Requested size: 80.70131pt x 93.95078pt.
<bayesiano.PNG, id=117, 75.28125pt x 92.14426pt>
File: bayesiano.PNG Graphic file (type png)
<use bayesiano.PNG>
Package pdftex.def Info: bayesiano.PNG  used on input line 178.
(pdftex.def)             Requested size: 75.28105pt x 92.14401pt.

Underfull \hbox (badness 10000) in paragraph at lines 182--185

 []

<knn con reduccion.PNG, id=118, 86.12175pt x 93.951pt>
File: knn con reduccion.PNG Graphic file (type png)
<use knn con reduccion.PNG>
Package pdftex.def Info: knn con reduccion.PNG  used on input line 187.
(pdftex.def)             Requested size: 86.12154pt x 93.95078pt.
<bayes con reducucin.PNG, id=119, 75.8835pt x 95.1555pt>
File: bayes con reducucin.PNG Graphic file (type png)
<use bayes con reducucin.PNG>
Package pdftex.def Info: bayes con reducucin.PNG  used on input line 192.
(pdftex.def)             Requested size: 75.8833pt x 95.15524pt.

Underfull \hbox (badness 10000) in paragraph at lines 196--197

 []

<knn_nor.PNG, id=120, 77.69025pt x 93.951pt>
File: knn_nor.PNG Graphic file (type png)
<use knn_nor.PNG>
Package pdftex.def Info: knn_nor.PNG  used on input line 202.
(pdftex.def)             Requested size: 77.69003pt x 93.95078pt.
<bayes_norm.PNG, id=121, 80.09924pt x 95.75775pt>
File: bayes_norm.PNG Graphic file (type png)
<use bayes_norm.PNG>
Package pdftex.def Info: bayes_norm.PNG  used on input line 207.
(pdftex.def)             Requested size: 80.09903pt x 95.7575pt.
<knn_nor_con reduccion.PNG, id=122, 69.861pt x 93.951pt>
File: knn_nor_con reduccion.PNG Graphic file (type png)
<use knn_nor_con reduccion.PNG>
Package pdftex.def Info: knn_nor_con reduccion.PNG  used on input line 212.
(pdftex.def)             Requested size: 69.86081pt x 93.95078pt.
<bayes con reducucin_normT.PNG, id=123, 113.223pt x 98.769pt>
File: bayes con reducucin_normT.PNG Graphic file (type png)
<use bayes con reducucin_normT.PNG>
Package pdftex.def Info: bayes con reducucin_normT.PNG  used on input line 217.

(pdftex.def)             Requested size: 113.22272pt x 98.76874pt.
[5 <./knn.PNG> <./bayesiano.PNG> <./knn con reduccion.PNG> <./bayes con reducuc
in.PNG> <./knn_nor.PNG> <./bayes_norm.PNG> <./knn_nor_con reduccion.PNG> <./bay
es con reducucin_normT.PNG>]
<curva.png, id=144, 313.9228pt x 85.06781pt>
File: curva.png Graphic file (type png)
<use curva.png>
Package pdftex.def Info: curva.png  used on input line 229.
(pdftex.def)             Requested size: 266.83563pt x 72.30797pt.

Underfull \hbox (badness 10000) in paragraph at lines 233--235

 []

<graf.png, id=145, 460.72125pt x 350.05782pt>
File: graf.png Graphic file (type png)
<use graf.png>
Package pdftex.def Info: graf.png  used on input line 244.
(pdftex.def)             Requested size: 368.5775pt x 280.04662pt.
[6 <./curva.png>]
<sinTurb.png, id=153, 432.11438pt x 165.61874pt>
File: sinTurb.png Graphic file (type png)
<use sinTurb.png>
Package pdftex.def Info: sinTurb.png  used on input line 255.
(pdftex.def)             Requested size: 345.69196pt x 132.49516pt.
<res.png, id=155, 450.18187pt x 275.52937pt>
File: res.png Graphic file (type png)
<use res.png>
Package pdftex.def Info: res.png  used on input line 264.
(pdftex.def)             Requested size: 360.14598pt x 220.42378pt.
 [7 <./graf.png> <./sinTurb.png>]
No file Consulta.bbl.
Package atveryend Info: Empty hook `BeforeClearDocument' on input line 287.
[8 <./res.png>]
Package atveryend Info: Empty hook `AfterLastShipout' on input line 287.
 (Consulta.aux
LaTeX Info: Redefining \. on input line 24.
LaTeX Info: Redefining \% on input line 24.
)
Package atveryend Info: Executing hook `AtVeryEndDocument' on input line 287.
Package atveryend Info: Executing hook `AtEndAfterFileList' on input line 287.
Package rerunfilecheck Info: File `Consulta.out' has not changed.
(rerunfilecheck)             Checksum: B16D6DC13A9A63D8864A9E1BAAEB0CF1;1170.


LaTeX Warning: There were multiply-defined labels.

Package atveryend Info: Empty hook `AtVeryVeryEnd' on input line 287.
 ) 
Here is how much of TeX's memory you used:
 10687 strings out of 492453
 153932 string characters out of 3119141
 281331 words of memory out of 3000000
 14780 multiletter control sequences out of 15000+200000
 16414 words of font info for 61 fonts, out of 3000000 for 9000
 1141 hyphenation exceptions out of 8191
 48i,13n,37p,492b,376s stack positions out of 5000i,500n,10000p,200000b,50000s
<C:/Users/WELCOME/AppData/Local/Programs/MiKTeX 2.9/fonts/type1/public/amsfon
ts/cm/cmbx10.pfb><C:/Users/WELCOME/AppData/Local/Programs/MiKTeX 2.9/fonts/type
1/public/amsfonts/cm/cmbx12.pfb><C:/Users/WELCOME/AppData/Local/Programs/MiKTeX
 2.9/fonts/type1/public/amsfonts/cm/cmmi10.pfb><C:/Users/WELCOME/AppData/Local/
Programs/MiKTeX 2.9/fonts/type1/public/amsfonts/cm/cmr10.pfb><C:/Users/WELCOME/
AppData/Local/Programs/MiKTeX 2.9/fonts/type1/public/amsfonts/cm/cmr12.pfb><C:/
Users/WELCOME/AppData/Local/Programs/MiKTeX 2.9/fonts/type1/public/amsfonts/cm/
cmr17.pfb><C:/Users/WELCOME/AppData/Local/Programs/MiKTeX 2.9/fonts/type1/publi
c/amsfonts/cm/cmsy10.pfb>
Output written on Consulta.pdf (8 pages, 442341 bytes).
PDF statistics:
 208 PDF objects out of 1000 (max. 8388607)
 53 named destinations out of 1000 (max. 500000)
 198 words of extra memory for PDF output out of 10000 (max. 10000000)

