This is pdfTeX, Version 3.14159265-2.6-1.40.20 (MiKTeX 2.9.7200 64-bit) (preloaded format=pdflatex 2019.10.22)  16 FEB 2020 12:20
entering extended mode
**./diagram.tex
(diagram.tex
LaTeX2e <2019-10-01> patch level 1
("C:\Users\WELCOME\AppData\Local\Programs\MiKTeX 2.9\tex/latex/base\article.cls
"
Document Class: article 2019/08/27 v1.4j Standard LaTeX document class
("C:\Users\WELCOME\AppData\Local\Programs\MiKTeX 2.9\tex/latex/base\size11.clo"
File: size11.clo 2019/08/27 v1.4j Standard LaTeX file (size option)
)
\c@part=\count80
\c@section=\count81
\c@subsection=\count82
\c@subsubsection=\count83
\c@paragraph=\count84
\c@subparagraph=\count85
\c@figure=\count86
\c@table=\count87
\abovecaptionskip=\skip41
\belowcaptionskip=\skip42
\bibindent=\dimen102
)
("C:\Users\WELCOME\AppData\Local\Programs\MiKTeX 2.9\tex/latex/base\inputenc.st
y"
Package: inputenc 2018/08/11 v1.3c Input encoding file
\inpenc@prehook=\toks14
\inpenc@posthook=\toks15
)
("C:\Users\WELCOME\AppData\Local\Programs\MiKTeX 2.9\tex/generic/babel\babel.st
y"
Package: babel 2019/10/15 3.35 The Babel package

("C:\Users\WELCOME\AppData\Local\Programs\MiKTeX 2.9\tex/generic/babel\switch.d
ef"
File: switch.def 2019/10/15 3.35 Babel switching mechanism
)
*************************************
* Local config file bblopts.cfg used
*

("C:\Users\WELCOME\AppData\Local\Programs\MiKTeX 2.9\tex/latex/arabi\bblopts.cf
g"
File: bblopts.cfg 2005/09/08 v0.1 add Arabic and Farsi to "declared" options of
 babel
)
("C:\Users\WELCOME\AppData\Local\Programs\MiKTeX 2.9\tex/latex/babel-spanish\sp
anish.ldf"
Language: spanish.ldf 2016/03/03 v5.0p Spanish support from the babel system

("C:\Users\WELCOME\AppData\Local\Programs\MiKTeX 2.9\tex/generic/babel\babel.de
f"
File: babel.def 2019/10/15 3.35 Babel common definitions
\babel@savecnt=\count88
\U@D=\dimen103

("C:\Users\WELCOME\AppData\Local\Programs\MiKTeX 2.9\tex/generic/babel\txtbabel
.def")
\bbl@dirlevel=\count89
)
\es@quottoks=\toks16
\es@quotdepth=\count90
Package babel Info: Making " an active character on input line 561.
Package babel Info: Making . an active character on input line 662.
Package babel Info: Making < an active character on input line 707.
Package babel Info: Making > an active character on input line 707.
))
("C:\Users\WELCOME\AppData\Local\Programs\MiKTeX 2.9\tex/latex/amsmath\amsmath.
sty"
Package: amsmath 2019/04/01 v2.17c AMS math features
\@mathmargin=\skip43

For additional information on amsmath, use the `?' option.

("C:\Users\WELCOME\AppData\Local\Programs\MiKTeX 2.9\tex/latex/amsmath\amstext.
sty"
Package: amstext 2000/06/29 v2.01 AMS text

("C:\Users\WELCOME\AppData\Local\Programs\MiKTeX 2.9\tex/latex/amsmath\amsgen.s
ty"
File: amsgen.sty 1999/11/30 v2.0 generic functions
\@emptytoks=\toks17
\ex@=\dimen104
))
("C:\Users\WELCOME\AppData\Local\Programs\MiKTeX 2.9\tex/latex/amsmath\amsbsy.s
ty"
Package: amsbsy 1999/11/29 v1.2d Bold Symbols
\pmbraise@=\dimen105
)
("C:\Users\WELCOME\AppData\Local\Programs\MiKTeX 2.9\tex/latex/amsmath\amsopn.s
ty"
Package: amsopn 2016/03/08 v2.02 operator names
)
\inf@bad=\count91
LaTeX Info: Redefining \frac on input line 227.
\uproot@=\count92
\leftroot@=\count93
LaTeX Info: Redefining \overline on input line 389.
\classnum@=\count94
\DOTSCASE@=\count95
LaTeX Info: Redefining \ldots on input line 486.
LaTeX Info: Redefining \dots on input line 489.
LaTeX Info: Redefining \cdots on input line 610.
\Mathstrutbox@=\box27
\strutbox@=\box28
\big@size=\dimen106
LaTeX Font Info:    Redeclaring font encoding OML on input line 733.
LaTeX Font Info:    Redeclaring font encoding OMS on input line 734.
\macc@depth=\count96
\c@MaxMatrixCols=\count97
\dotsspace@=\muskip10
\c@parentequation=\count98
\dspbrk@lvl=\count99
\tag@help=\toks18
\row@=\count100
\column@=\count101
\maxfields@=\count102
\andhelp@=\toks19
\eqnshift@=\dimen107
\alignsep@=\dimen108
\tagshift@=\dimen109
\tagwidth@=\dimen110
\totwidth@=\dimen111
\lineht@=\dimen112
\@envbody=\toks20
\multlinegap=\skip44
\multlinetaggap=\skip45
\mathdisplay@stack=\toks21
LaTeX Info: Redefining \[ on input line 2855.
LaTeX Info: Redefining \] on input line 2856.
)
("C:\Users\WELCOME\AppData\Local\Programs\MiKTeX 2.9\tex/latex/amsfonts\amssymb
.sty"
Package: amssymb 2013/01/14 v3.01 AMS font symbols

("C:\Users\WELCOME\AppData\Local\Programs\MiKTeX 2.9\tex/latex/amsfonts\amsfont
s.sty"
Package: amsfonts 2013/01/14 v3.01 Basic AMSFonts support
\symAMSa=\mathgroup4
\symAMSb=\mathgroup5
LaTeX Font Info:    Redeclaring math symbol \hbar on input line 98.
LaTeX Font Info:    Overwriting math alphabet `\mathfrak' in version `bold'
(Font)                  U/euf/m/n --> U/euf/b/n on input line 106.
))
("C:\Users\WELCOME\AppData\Local\Programs\MiKTeX 2.9\tex/latex/base\latexsym.st
y"
Package: latexsym 1998/08/17 v2.2e Standard LaTeX package (lasy symbols)
\symlasy=\mathgroup6
LaTeX Font Info:    Overwriting symbol font `lasy' in version `bold'
(Font)                  U/lasy/m/n --> U/lasy/b/n on input line 52.
)
("C:\Users\WELCOME\AppData\Local\Programs\MiKTeX 2.9\tex/latex/sidecap\sidecap.
sty"
Package: sidecap 2003/06/06 v1.6f SideCap Package (RN/HjG)

("C:\Users\WELCOME\AppData\Local\Programs\MiKTeX 2.9\tex/latex/base\ifthen.sty"
Package: ifthen 2014/09/29 v1.1c Standard LaTeX ifthen package (DPC)
)
\SC@BOXWD=\dimen113
\SC@CAPWD=\dimen114
\SC@tempdima=\dimen115
\SC@tempdimb=\dimen116
\c@SC@C=\count103
\SC@BOX=\box29
)
("C:\Users\WELCOME\AppData\Local\Programs\MiKTeX 2.9\tex/latex/pgf/frontendlaye
r\tikz.sty"
("C:\Users\WELCOME\AppData\Local\Programs\MiKTeX 2.9\tex/latex/pgf/basiclayer\p
gf.sty"
("C:\Users\WELCOME\AppData\Local\Programs\MiKTeX 2.9\tex/latex/pgf/utilities\pg
frcs.sty"
("C:\Users\WELCOME\AppData\Local\Programs\MiKTeX 2.9\tex/generic/pgf/utilities\
pgfutil-common.tex"
\pgfutil@everybye=\toks22
\pgfutil@tempdima=\dimen117
\pgfutil@tempdimb=\dimen118

("C:\Users\WELCOME\AppData\Local\Programs\MiKTeX 2.9\tex/generic/pgf/utilities\
pgfutil-common-lists.tex"))
("C:\Users\WELCOME\AppData\Local\Programs\MiKTeX 2.9\tex/generic/pgf/utilities\
pgfutil-latex.def"
\pgfutil@abb=\box30

("C:\Users\WELCOME\AppData\Local\Programs\MiKTeX 2.9\tex/latex/ms\everyshi.sty"
Package: everyshi 2001/05/15 v3.00 EveryShipout Package (MS)
))
("C:\Users\WELCOME\AppData\Local\Programs\MiKTeX 2.9\tex/generic/pgf/utilities\
pgfrcs.code.tex"
("C:\Users\WELCOME\AppData\Local\Programs\MiKTeX 2.9\tex/generic/pgf\pgf.revisi
on.tex")
Package: pgfrcs 2019/08/03 v3.1.4b (3.1.4b)
))
Package: pgf 2019/08/03 v3.1.4b (3.1.4b)

("C:\Users\WELCOME\AppData\Local\Programs\MiKTeX 2.9\tex/latex/pgf/basiclayer\p
gfcore.sty"
("C:\Users\WELCOME\AppData\Local\Programs\MiKTeX 2.9\tex/latex/graphics\graphic
x.sty"
Package: graphicx 2017/06/01 v1.1a Enhanced LaTeX Graphics (DPC,SPQR)

("C:\Users\WELCOME\AppData\Local\Programs\MiKTeX 2.9\tex/latex/graphics\keyval.
sty"
Package: keyval 2014/10/28 v1.15 key=value parser (DPC)
\KV@toks@=\toks23
)
("C:\Users\WELCOME\AppData\Local\Programs\MiKTeX 2.9\tex/latex/graphics\graphic
s.sty"
Package: graphics 2019/10/08 v1.3c Standard LaTeX Graphics (DPC,SPQR)

("C:\Users\WELCOME\AppData\Local\Programs\MiKTeX 2.9\tex/latex/graphics\trig.st
y"
Package: trig 2016/01/03 v1.10 sin cos tan (DPC)
)
("C:\Users\WELCOME\AppData\Local\Programs\MiKTeX 2.9\tex/latex/graphics-cfg\gra
phics.cfg"
File: graphics.cfg 2016/06/04 v1.11 sample graphics configuration
)
Package graphics Info: Driver file: pdftex.def on input line 105.

("C:\Users\WELCOME\AppData\Local\Programs\MiKTeX 2.9\tex/latex/graphics-def\pdf
tex.def"
File: pdftex.def 2018/01/08 v1.0l Graphics/color driver for pdftex
))
\Gin@req@height=\dimen119
\Gin@req@width=\dimen120
)
("C:\Users\WELCOME\AppData\Local\Programs\MiKTeX 2.9\tex/latex/pgf/systemlayer\
pgfsys.sty"
("C:\Users\WELCOME\AppData\Local\Programs\MiKTeX 2.9\tex/generic/pgf/systemlaye
r\pgfsys.code.tex"
Package: pgfsys 2019/08/03 v3.1.4b (3.1.4b)

("C:\Users\WELCOME\AppData\Local\Programs\MiKTeX 2.9\tex/generic/pgf/utilities\
pgfkeys.code.tex"
\pgfkeys@pathtoks=\toks24
\pgfkeys@temptoks=\toks25

("C:\Users\WELCOME\AppData\Local\Programs\MiKTeX 2.9\tex/generic/pgf/utilities\
pgfkeysfiltered.code.tex"
\pgfkeys@tmptoks=\toks26
))
\pgf@x=\dimen121
\pgf@y=\dimen122
\pgf@xa=\dimen123
\pgf@ya=\dimen124
\pgf@xb=\dimen125
\pgf@yb=\dimen126
\pgf@xc=\dimen127
\pgf@yc=\dimen128
\pgf@xd=\dimen129
\pgf@yd=\dimen130
\w@pgf@writea=\write3
\r@pgf@reada=\read1
\c@pgf@counta=\count104
\c@pgf@countb=\count105
\c@pgf@countc=\count106
\c@pgf@countd=\count107
\t@pgf@toka=\toks27
\t@pgf@tokb=\toks28
\t@pgf@tokc=\toks29
\pgf@sys@id@count=\count108

("C:\Users\WELCOME\AppData\Local\Programs\MiKTeX 2.9\tex/generic/pgf/systemlaye
r\pgf.cfg"
File: pgf.cfg 2019/08/03 v3.1.4b (3.1.4b)
)
Driver file for pgf: pgfsys-pdftex.def

("C:\Users\WELCOME\AppData\Local\Programs\MiKTeX 2.9\tex/generic/pgf/systemlaye
r\pgfsys-pdftex.def"
File: pgfsys-pdftex.def 2019/08/03 v3.1.4b (3.1.4b)

("C:\Users\WELCOME\AppData\Local\Programs\MiKTeX 2.9\tex/generic/pgf/systemlaye
r\pgfsys-common-pdf.def"
File: pgfsys-common-pdf.def 2019/08/03 v3.1.4b (3.1.4b)
)))
("C:\Users\WELCOME\AppData\Local\Programs\MiKTeX 2.9\tex/generic/pgf/systemlaye
r\pgfsyssoftpath.code.tex"
File: pgfsyssoftpath.code.tex 2019/08/03 v3.1.4b (3.1.4b)
\pgfsyssoftpath@smallbuffer@items=\count109
\pgfsyssoftpath@bigbuffer@items=\count110
)
("C:\Users\WELCOME\AppData\Local\Programs\MiKTeX 2.9\tex/generic/pgf/systemlaye
r\pgfsysprotocol.code.tex"
File: pgfsysprotocol.code.tex 2019/08/03 v3.1.4b (3.1.4b)
))
("C:\Users\WELCOME\AppData\Local\Programs\MiKTeX 2.9\tex/latex/xcolor\xcolor.st
y"
Package: xcolor 2016/05/11 v2.12 LaTeX color extensions (UK)

("C:\Users\WELCOME\AppData\Local\Programs\MiKTeX 2.9\tex/latex/graphics-cfg\col
or.cfg"
File: color.cfg 2016/01/02 v1.6 sample color configuration
)
Package xcolor Info: Driver file: pdftex.def on input line 225.
Package xcolor Info: Model `cmy' substituted by `cmy0' on input line 1348.
Package xcolor Info: Model `hsb' substituted by `rgb' on input line 1352.
Package xcolor Info: Model `RGB' extended on input line 1364.
Package xcolor Info: Model `HTML' substituted by `rgb' on input line 1366.
Package xcolor Info: Model `Hsb' substituted by `hsb' on input line 1367.
Package xcolor Info: Model `tHsb' substituted by `hsb' on input line 1368.
Package xcolor Info: Model `HSB' substituted by `hsb' on input line 1369.
Package xcolor Info: Model `Gray' substituted by `gray' on input line 1370.
Package xcolor Info: Model `wave' substituted by `hsb' on input line 1371.
)
("C:\Users\WELCOME\AppData\Local\Programs\MiKTeX 2.9\tex/generic/pgf/basiclayer
\pgfcore.code.tex"
Package: pgfcore 2019/08/03 v3.1.4b (3.1.4b)

("C:\Users\WELCOME\AppData\Local\Programs\MiKTeX 2.9\tex/generic/pgf/math\pgfma
th.code.tex"
("C:\Users\WELCOME\AppData\Local\Programs\MiKTeX 2.9\tex/generic/pgf/math\pgfma
thcalc.code.tex"
("C:\Users\WELCOME\AppData\Local\Programs\MiKTeX 2.9\tex/generic/pgf/math\pgfma
thutil.code.tex")
("C:\Users\WELCOME\AppData\Local\Programs\MiKTeX 2.9\tex/generic/pgf/math\pgfma
thparser.code.tex"
\pgfmath@dimen=\dimen131
\pgfmath@count=\count111
\pgfmath@box=\box31
\pgfmath@toks=\toks30
\pgfmath@stack@operand=\toks31
\pgfmath@stack@operation=\toks32
)
("C:\Users\WELCOME\AppData\Local\Programs\MiKTeX 2.9\tex/generic/pgf/math\pgfma
thfunctions.code.tex"
("C:\Users\WELCOME\AppData\Local\Programs\MiKTeX 2.9\tex/generic/pgf/math\pgfma
thfunctions.basic.code.tex")
("C:\Users\WELCOME\AppData\Local\Programs\MiKTeX 2.9\tex/generic/pgf/math\pgfma
thfunctions.trigonometric.code.tex")
("C:\Users\WELCOME\AppData\Local\Programs\MiKTeX 2.9\tex/generic/pgf/math\pgfma
thfunctions.random.code.tex")
("C:\Users\WELCOME\AppData\Local\Programs\MiKTeX 2.9\tex/generic/pgf/math\pgfma
thfunctions.comparison.code.tex")
("C:\Users\WELCOME\AppData\Local\Programs\MiKTeX 2.9\tex/generic/pgf/math\pgfma
thfunctions.base.code.tex")
("C:\Users\WELCOME\AppData\Local\Programs\MiKTeX 2.9\tex/generic/pgf/math\pgfma
thfunctions.round.code.tex")
("C:\Users\WELCOME\AppData\Local\Programs\MiKTeX 2.9\tex/generic/pgf/math\pgfma
thfunctions.misc.code.tex")
("C:\Users\WELCOME\AppData\Local\Programs\MiKTeX 2.9\tex/generic/pgf/math\pgfma
thfunctions.integerarithmetics.code.tex")))
("C:\Users\WELCOME\AppData\Local\Programs\MiKTeX 2.9\tex/generic/pgf/math\pgfma
thfloat.code.tex"
\c@pgfmathroundto@lastzeros=\count112
))
("C:\Users\WELCOME\AppData\Local\Programs\MiKTeX 2.9\tex/generic/pgf/math\pgfin
t.code.tex")
("C:\Users\WELCOME\AppData\Local\Programs\MiKTeX 2.9\tex/generic/pgf/basiclayer
\pgfcorepoints.code.tex"
File: pgfcorepoints.code.tex 2019/08/03 v3.1.4b (3.1.4b)
\pgf@picminx=\dimen132
\pgf@picmaxx=\dimen133
\pgf@picminy=\dimen134
\pgf@picmaxy=\dimen135
\pgf@pathminx=\dimen136
\pgf@pathmaxx=\dimen137
\pgf@pathminy=\dimen138
\pgf@pathmaxy=\dimen139
\pgf@xx=\dimen140
\pgf@xy=\dimen141
\pgf@yx=\dimen142
\pgf@yy=\dimen143
\pgf@zx=\dimen144
\pgf@zy=\dimen145
)
("C:\Users\WELCOME\AppData\Local\Programs\MiKTeX 2.9\tex/generic/pgf/basiclayer
\pgfcorepathconstruct.code.tex"
File: pgfcorepathconstruct.code.tex 2019/08/03 v3.1.4b (3.1.4b)
\pgf@path@lastx=\dimen146
\pgf@path@lasty=\dimen147
)
("C:\Users\WELCOME\AppData\Local\Programs\MiKTeX 2.9\tex/generic/pgf/basiclayer
\pgfcorepathusage.code.tex"
File: pgfcorepathusage.code.tex 2019/08/03 v3.1.4b (3.1.4b)
\pgf@shorten@end@additional=\dimen148
\pgf@shorten@start@additional=\dimen149
)
("C:\Users\WELCOME\AppData\Local\Programs\MiKTeX 2.9\tex/generic/pgf/basiclayer
\pgfcorescopes.code.tex"
File: pgfcorescopes.code.tex 2019/08/03 v3.1.4b (3.1.4b)
\pgfpic=\box32
\pgf@hbox=\box33
\pgf@layerbox@main=\box34
\pgf@picture@serial@count=\count113
)
("C:\Users\WELCOME\AppData\Local\Programs\MiKTeX 2.9\tex/generic/pgf/basiclayer
\pgfcoregraphicstate.code.tex"
File: pgfcoregraphicstate.code.tex 2019/08/03 v3.1.4b (3.1.4b)
\pgflinewidth=\dimen150
)
("C:\Users\WELCOME\AppData\Local\Programs\MiKTeX 2.9\tex/generic/pgf/basiclayer
\pgfcoretransformations.code.tex"
File: pgfcoretransformations.code.tex 2019/08/03 v3.1.4b (3.1.4b)
\pgf@pt@x=\dimen151
\pgf@pt@y=\dimen152
\pgf@pt@temp=\dimen153
)
("C:\Users\WELCOME\AppData\Local\Programs\MiKTeX 2.9\tex/generic/pgf/basiclayer
\pgfcorequick.code.tex"
File: pgfcorequick.code.tex 2019/08/03 v3.1.4b (3.1.4b)
)
("C:\Users\WELCOME\AppData\Local\Programs\MiKTeX 2.9\tex/generic/pgf/basiclayer
\pgfcoreobjects.code.tex"
File: pgfcoreobjects.code.tex 2019/08/03 v3.1.4b (3.1.4b)
)
("C:\Users\WELCOME\AppData\Local\Programs\MiKTeX 2.9\tex/generic/pgf/basiclayer
\pgfcorepathprocessing.code.tex"
File: pgfcorepathprocessing.code.tex 2019/08/03 v3.1.4b (3.1.4b)
)
("C:\Users\WELCOME\AppData\Local\Programs\MiKTeX 2.9\tex/generic/pgf/basiclayer
\pgfcorearrows.code.tex"
File: pgfcorearrows.code.tex 2019/08/03 v3.1.4b (3.1.4b)
\pgfarrowsep=\dimen154
)
("C:\Users\WELCOME\AppData\Local\Programs\MiKTeX 2.9\tex/generic/pgf/basiclayer
\pgfcoreshade.code.tex"
File: pgfcoreshade.code.tex 2019/08/03 v3.1.4b (3.1.4b)
\pgf@max=\dimen155
\pgf@sys@shading@range@num=\count114
\pgf@shadingcount=\count115
)
("C:\Users\WELCOME\AppData\Local\Programs\MiKTeX 2.9\tex/generic/pgf/basiclayer
\pgfcoreimage.code.tex"
File: pgfcoreimage.code.tex 2019/08/03 v3.1.4b (3.1.4b)

("C:\Users\WELCOME\AppData\Local\Programs\MiKTeX 2.9\tex/generic/pgf/basiclayer
\pgfcoreexternal.code.tex"
File: pgfcoreexternal.code.tex 2019/08/03 v3.1.4b (3.1.4b)
\pgfexternal@startupbox=\box35
))
("C:\Users\WELCOME\AppData\Local\Programs\MiKTeX 2.9\tex/generic/pgf/basiclayer
\pgfcorelayers.code.tex"
File: pgfcorelayers.code.tex 2019/08/03 v3.1.4b (3.1.4b)
)
("C:\Users\WELCOME\AppData\Local\Programs\MiKTeX 2.9\tex/generic/pgf/basiclayer
\pgfcoretransparency.code.tex"
File: pgfcoretransparency.code.tex 2019/08/03 v3.1.4b (3.1.4b)
)
("C:\Users\WELCOME\AppData\Local\Programs\MiKTeX 2.9\tex/generic/pgf/basiclayer
\pgfcorepatterns.code.tex"
File: pgfcorepatterns.code.tex 2019/08/03 v3.1.4b (3.1.4b)
)
("C:\Users\WELCOME\AppData\Local\Programs\MiKTeX 2.9\tex/generic/pgf/basiclayer
\pgfcorerdf.code.tex"
File: pgfcorerdf.code.tex 2019/08/03 v3.1.4b (3.1.4b)
)))
("C:\Users\WELCOME\AppData\Local\Programs\MiKTeX 2.9\tex/generic/pgf/modules\pg
fmoduleshapes.code.tex"
File: pgfmoduleshapes.code.tex 2019/08/03 v3.1.4b (3.1.4b)
\pgfnodeparttextbox=\box36
)
("C:\Users\WELCOME\AppData\Local\Programs\MiKTeX 2.9\tex/generic/pgf/modules\pg
fmoduleplot.code.tex"
File: pgfmoduleplot.code.tex 2019/08/03 v3.1.4b (3.1.4b)
)
("C:\Users\WELCOME\AppData\Local\Programs\MiKTeX 2.9\tex/latex/pgf/compatibilit
y\pgfcomp-version-0-65.sty"
Package: pgfcomp-version-0-65 2019/08/03 v3.1.4b (3.1.4b)
\pgf@nodesepstart=\dimen156
\pgf@nodesepend=\dimen157
)
("C:\Users\WELCOME\AppData\Local\Programs\MiKTeX 2.9\tex/latex/pgf/compatibilit
y\pgfcomp-version-1-18.sty"
Package: pgfcomp-version-1-18 2019/08/03 v3.1.4b (3.1.4b)
))
("C:\Users\WELCOME\AppData\Local\Programs\MiKTeX 2.9\tex/latex/pgf/utilities\pg
ffor.sty"
("C:\Users\WELCOME\AppData\Local\Programs\MiKTeX 2.9\tex/latex/pgf/utilities\pg
fkeys.sty"
("C:\Users\WELCOME\AppData\Local\Programs\MiKTeX 2.9\tex/generic/pgf/utilities\
pgfkeys.code.tex"))
("C:\Users\WELCOME\AppData\Local\Programs\MiKTeX 2.9\tex/latex/pgf/math\pgfmath
.sty"
("C:\Users\WELCOME\AppData\Local\Programs\MiKTeX 2.9\tex/generic/pgf/math\pgfma
th.code.tex"))
("C:\Users\WELCOME\AppData\Local\Programs\MiKTeX 2.9\tex/generic/pgf/utilities\
pgffor.code.tex"
Package: pgffor 2019/08/03 v3.1.4b (3.1.4b)

("C:\Users\WELCOME\AppData\Local\Programs\MiKTeX 2.9\tex/generic/pgf/math\pgfma
th.code.tex")
\pgffor@iter=\dimen158
\pgffor@skip=\dimen159
\pgffor@stack=\toks33
\pgffor@toks=\toks34
))
("C:\Users\WELCOME\AppData\Local\Programs\MiKTeX 2.9\tex/generic/pgf/frontendla
yer/tikz\tikz.code.tex"
Package: tikz 2019/08/03 v3.1.4b (3.1.4b)

("C:\Users\WELCOME\AppData\Local\Programs\MiKTeX 2.9\tex/generic/pgf/libraries\
pgflibraryplothandlers.code.tex"
File: pgflibraryplothandlers.code.tex 2019/08/03 v3.1.4b (3.1.4b)
\pgf@plot@mark@count=\count116
\pgfplotmarksize=\dimen160
)
\tikz@lastx=\dimen161
\tikz@lasty=\dimen162
\tikz@lastxsaved=\dimen163
\tikz@lastysaved=\dimen164
\tikz@lastmovetox=\dimen165
\tikz@lastmovetoy=\dimen166
\tikzleveldistance=\dimen167
\tikzsiblingdistance=\dimen168
\tikz@figbox=\box37
\tikz@figbox@bg=\box38
\tikz@tempbox=\box39
\tikz@tempbox@bg=\box40
\tikztreelevel=\count117
\tikznumberofchildren=\count118
\tikznumberofcurrentchild=\count119
\tikz@fig@count=\count120

("C:\Users\WELCOME\AppData\Local\Programs\MiKTeX 2.9\tex/generic/pgf/modules\pg
fmodulematrix.code.tex"
File: pgfmodulematrix.code.tex 2019/08/03 v3.1.4b (3.1.4b)
\pgfmatrixcurrentrow=\count121
\pgfmatrixcurrentcolumn=\count122
\pgf@matrix@numberofcolumns=\count123
)
\tikz@expandcount=\count124

("C:\Users\WELCOME\AppData\Local\Programs\MiKTeX 2.9\tex/generic/pgf/frontendla
yer/tikz/libraries\tikzlibrarytopaths.code.tex"
File: tikzlibrarytopaths.code.tex 2019/08/03 v3.1.4b (3.1.4b)
)))
("C:\Users\WELCOME\AppData\Local\Programs\MiKTeX 2.9\tex/generic/pgf/frontendla
yer/tikz/libraries\tikzlibrarydecorations.pathreplacing.code.tex"
("C:\Users\WELCOME\AppData\Local\Programs\MiKTeX 2.9\tex/generic/pgf/frontendla
yer/tikz/libraries\tikzlibrarydecorations.code.tex"
("C:\Users\WELCOME\AppData\Local\Programs\MiKTeX 2.9\tex/generic/pgf/modules\pg
fmoduledecorations.code.tex"
\pgfdecoratedcompleteddistance=\dimen169
\pgfdecoratedremainingdistance=\dimen170
\pgfdecoratedinputsegmentcompleteddistance=\dimen171
\pgfdecoratedinputsegmentremainingdistance=\dimen172
\pgf@decorate@distancetomove=\dimen173
\pgf@decorate@repeatstate=\count125
\pgfdecorationsegmentamplitude=\dimen174
\pgfdecorationsegmentlength=\dimen175
)
\tikz@lib@dec@box=\box41
)
("C:\Users\WELCOME\AppData\Local\Programs\MiKTeX 2.9\tex/generic/pgf/libraries/
decorations\pgflibrarydecorations.pathreplacing.code.tex")) (diagram.aux)
\openout1 = `diagram.aux'.

LaTeX Font Info:    Checking defaults for OML/cmm/m/it on input line 12.
LaTeX Font Info:    ... okay on input line 12.
LaTeX Font Info:    Checking defaults for T1/cmr/m/n on input line 12.
LaTeX Font Info:    ... okay on input line 12.
LaTeX Font Info:    Checking defaults for OT1/cmr/m/n on input line 12.
LaTeX Font Info:    ... okay on input line 12.
LaTeX Font Info:    Checking defaults for OMS/cmsy/m/n on input line 12.
LaTeX Font Info:    ... okay on input line 12.
LaTeX Font Info:    Checking defaults for OMX/cmex/m/n on input line 12.
LaTeX Font Info:    ... okay on input line 12.
LaTeX Font Info:    Checking defaults for U/cmr/m/n on input line 12.
LaTeX Font Info:    ... okay on input line 12.
LaTeX Info: Redefining \. on input line 12.
LaTeX Info: Redefining \% on input line 12.

("C:\Users\WELCOME\AppData\Local\Programs\MiKTeX 2.9\tex/latex/ragged2e\ragged2
e.sty"
Package: ragged2e 2019/07/28 v2.2 ragged2e Package (MS)

("C:\Users\WELCOME\AppData\Local\Programs\MiKTeX 2.9\tex/latex/ms\everysel.sty"
Package: everysel 2011/10/28 v1.2 EverySelectfont Package (MS)
ABD: EverySelectfont initializing macros
LaTeX Info: Redefining \selectfont on input line 126.
)
\CenteringLeftskip=\skip46
\RaggedLeftLeftskip=\skip47
\RaggedRightLeftskip=\skip48
\CenteringRightskip=\skip49
\RaggedLeftRightskip=\skip50
\RaggedRightRightskip=\skip51
\CenteringParfillskip=\skip52
\RaggedLeftParfillskip=\skip53
\RaggedRightParfillskip=\skip54
\JustifyingParfillskip=\skip55
\CenteringParindent=\skip56
\RaggedLeftParindent=\skip57
\RaggedRightParindent=\skip58
\JustifyingParindent=\skip59
)
ABD: EveryShipout initializing macros
("C:\Users\WELCOME\AppData\Local\Programs\MiKTeX 2.9\tex/context/base/mkii\supp
-pdf.mkii"
[Loading MPS to PDF converter (version 2006.09.02).]
\scratchcounter=\count126
\scratchdimen=\dimen176
\scratchbox=\box42
\nofMPsegments=\count127
\nofMParguments=\count128
\everyMPshowfont=\toks35
\MPscratchCnt=\count129
\MPscratchDim=\dimen177
\MPnumerator=\count130
\makeMPintoPDFobject=\count131
\everyMPtoPDFconversion=\toks36
)
("C:\Users\WELCOME\AppData\Local\Programs\MiKTeX 2.9\tex/latex/oberdiek\epstopd
f-base.sty"
Package: epstopdf-base 2016/05/15 v2.6 Base part for package epstopdf

("C:\Users\WELCOME\AppData\Local\Programs\MiKTeX 2.9\tex/generic/oberdiek\infwa
rerr.sty"
Package: infwarerr 2016/05/16 v1.4 Providing info/warning/error messages (HO)
)
("C:\Users\WELCOME\AppData\Local\Programs\MiKTeX 2.9\tex/latex/oberdiek\grfext.
sty"
Package: grfext 2016/05/16 v1.2 Manage graphics extensions (HO)

("C:\Users\WELCOME\AppData\Local\Programs\MiKTeX 2.9\tex/generic/oberdiek\kvdef
inekeys.sty"
Package: kvdefinekeys 2016/05/16 v1.4 Define keys (HO)

("C:\Users\WELCOME\AppData\Local\Programs\MiKTeX 2.9\tex/generic/oberdiek\ltxcm
ds.sty"
Package: ltxcmds 2016/05/16 v1.23 LaTeX kernel commands for general use (HO)
)))
("C:\Users\WELCOME\AppData\Local\Programs\MiKTeX 2.9\tex/latex/oberdiek\kvoptio
ns.sty"
Package: kvoptions 2016/05/16 v3.12 Key value format for package options (HO)

("C:\Users\WELCOME\AppData\Local\Programs\MiKTeX 2.9\tex/generic/oberdiek\kvset
keys.sty"
Package: kvsetkeys 2016/05/16 v1.17 Key value parser (HO)

("C:\Users\WELCOME\AppData\Local\Programs\MiKTeX 2.9\tex/generic/oberdiek\etexc
mds.sty"
Package: etexcmds 2016/05/16 v1.6 Avoid name clashes with e-TeX commands (HO)

("C:\Users\WELCOME\AppData\Local\Programs\MiKTeX 2.9\tex/generic/oberdiek\iflua
tex.sty"
Package: ifluatex 2016/05/16 v1.4 Provides the ifluatex switch (HO)
Package ifluatex Info: LuaTeX not detected.
))))
("C:\Users\WELCOME\AppData\Local\Programs\MiKTeX 2.9\tex/generic/oberdiek\pdfte
xcmds.sty"
Package: pdftexcmds 2019/07/25 v0.30 Utility functions of pdfTeX for LuaTeX (HO
)

("C:\Users\WELCOME\AppData\Local\Programs\MiKTeX 2.9\tex/generic/oberdiek\ifpdf
.sty"
Package: ifpdf 2018/09/07 v3.3 Provides the ifpdf switch
)
Package pdftexcmds Info: LuaTeX not detected.
Package pdftexcmds Info: \pdf@primitive is available.
Package pdftexcmds Info: \pdf@ifprimitive is available.
Package pdftexcmds Info: \pdfdraftmode found.
)
Package epstopdf-base Info: Redefining graphics rule for `.eps' on input line 4
38.
Package grfext Info: Graphics extension search list:
(grfext)             [.pdf,.png,.jpg,.mps,.jpeg,.jbig2,.jb2,.PDF,.PNG,.JPG,.JPE
G,.JBIG2,.JB2,.eps]
(grfext)             \AppendGraphicsExtensions on input line 456.
)
! Argument of \language@active@arg> has an extra }.
<inserted text> 
                \par 
l.16     \begin{tikzpicture}[shorten >=1pt]
                                           
I've run across a `}' that doesn't seem to match anything.
For example, `\def\a#1{...}' and `\a}' would produce
this error. If you simply proceed now, the `\par' that
I've just inserted will cause me to report a runaway
argument that might be the root of the problem. But if
your `}' was spurious, just type `2' and it will go away.

Runaway argument?
! Paragraph ended before \language@active@arg> was complete.
<to be read again> 
                   \par 
l.16     \begin{tikzpicture}[shorten >=1pt]
                                           
I suspect you've forgotten a `}', causing me to apply this
control sequence to too much text. How can we recover?
My plan is to forget the whole thing and hope for the best.

Runaway argument?
shorten 
! Paragraph ended before \pgfkeys@addpath was complete.
<to be read again> 
                   \par 
l.16     \begin{tikzpicture}[shorten >=1pt]
                                           
I suspect you've forgotten a `}', causing me to apply this
control sequence to too much text. How can we recover?
My plan is to forget the whole thing and hope for the best.

! Missing \endcsname inserted.
<to be read again> 
                   \par 
l.16     \begin{tikzpicture}[shorten >=1pt]
                                           
The control sequence marked <to be read again> should
not appear between \csname and \endcsname.

! Missing \endcsname inserted.
<to be read again> 
                   \par 
l.16     \begin{tikzpicture}[shorten >=1pt]
                                           
The control sequence marked <to be read again> should
not appear between \csname and \endcsname.

Runaway argument?
shorten 
! Paragraph ended before \pgfkeys@splitter was complete.
<to be read again> 
                   \par 
l.16     \begin{tikzpicture}[shorten >=1pt]
                                           
I suspect you've forgotten a `}', causing me to apply this
control sequence to too much text. How can we recover?
My plan is to forget the whole thing and hope for the best.

Missing character: There is no / in font nullfont!
Missing character: There is no / in font nullfont!
LaTeX Font Info:    Trying to load font information for U+msa on input line 19.

("C:\Users\WELCOME\AppData\Local\Programs\MiKTeX 2.9\tex/latex/amsfonts\umsa.fd
"
File: umsa.fd 2013/01/14 v3.01 AMS symbols A
)
LaTeX Font Info:    Trying to load font information for U+msb on input line 19.


("C:\Users\WELCOME\AppData\Local\Programs\MiKTeX 2.9\tex/latex/amsfonts\umsb.fd
"
File: umsb.fd 2013/01/14 v3.01 AMS symbols B
)
LaTeX Font Info:    Trying to load font information for U+lasy on input line 19
.
 ("C:\Users\WELCOME\AppData\Local\Programs\MiKTeX 2.9\tex/latex/base\ulasy.fd"
File: ulasy.fd 1998/08/17 v2.2e LaTeX symbol font definitions
)
! Argument of \language@active@arg> has an extra }.
<inserted text> 
                \par 
l.28         \draw[->]
                       (x0) -- (y1);
I've run across a `}' that doesn't seem to match anything.
For example, `\def\a#1{...}' and `\a}' would produce
this error. If you simply proceed now, the `\par' that
I've just inserted will cause me to report a runaway
argument that might be the root of the problem. But if
your `}' was spurious, just type `2' and it will go away.

Runaway argument?
! Paragraph ended before \language@active@arg> was complete.
<to be read again> 
                   \par 
l.28         \draw[->]
                       (x0) -- (y1);
I suspect you've forgotten a `}', causing me to apply this
control sequence to too much text. How can we recover?
My plan is to forget the whole thing and hope for the best.

Runaway argument?
-
! Paragraph ended before \pgfkeys@addpath was complete.
<to be read again> 
                   \par 
l.28         \draw[->]
                       (x0) -- (y1);
I suspect you've forgotten a `}', causing me to apply this
control sequence to too much text. How can we recover?
My plan is to forget the whole thing and hope for the best.

! Missing \endcsname inserted.
<to be read again> 
                   \par 
l.28         \draw[->]
                       (x0) -- (y1);
The control sequence marked <to be read again> should
not appear between \csname and \endcsname.

! Missing \endcsname inserted.
<to be read again> 
                   \par 
l.28         \draw[->]
                       (x0) -- (y1);
The control sequence marked <to be read again> should
not appear between \csname and \endcsname.

! Missing \endcsname inserted.
<to be read again> 
                   \par 
l.28         \draw[->]
                       (x0) -- (y1);
The control sequence marked <to be read again> should
not appear between \csname and \endcsname.

Runaway argument?
-
! Paragraph ended before \pgfkeys@splitter was complete.
<to be read again> 
                   \par 
l.28         \draw[->]
                       (x0) -- (y1);
I suspect you've forgotten a `}', causing me to apply this
control sequence to too much text. How can we recover?
My plan is to forget the whole thing and hope for the best.

Missing character: There is no / in font nullfont!
Missing character: There is no / in font nullfont!
! Argument of \language@active@arg> has an extra }.
<inserted text> 
                \par 
l.29         \draw[->]
                       (x0) -- (yc);
I've run across a `}' that doesn't seem to match anything.
For example, `\def\a#1{...}' and `\a}' would produce
this error. If you simply proceed now, the `\par' that
I've just inserted will cause me to report a runaway
argument that might be the root of the problem. But if
your `}' was spurious, just type `2' and it will go away.

Runaway argument?
! Paragraph ended before \language@active@arg> was complete.
<to be read again> 
                   \par 
l.29         \draw[->]
                       (x0) -- (yc);
I suspect you've forgotten a `}', causing me to apply this
control sequence to too much text. How can we recover?
My plan is to forget the whole thing and hope for the best.

Runaway argument?
-
! Paragraph ended before \pgfkeys@addpath was complete.
<to be read again> 
                   \par 
l.29         \draw[->]
                       (x0) -- (yc);
I suspect you've forgotten a `}', causing me to apply this
control sequence to too much text. How can we recover?
My plan is to forget the whole thing and hope for the best.

! Missing \endcsname inserted.
<to be read again> 
                   \par 
l.29         \draw[->]
                       (x0) -- (yc);
The control sequence marked <to be read again> should
not appear between \csname and \endcsname.

! Missing \endcsname inserted.
<to be read again> 
                   \par 
l.29         \draw[->]
                       (x0) -- (yc);
The control sequence marked <to be read again> should
not appear between \csname and \endcsname.

! Missing \endcsname inserted.
<to be read again> 
                   \par 
l.29         \draw[->]
                       (x0) -- (yc);
The control sequence marked <to be read again> should
not appear between \csname and \endcsname.

Runaway argument?
-
! Paragraph ended before \pgfkeys@splitter was complete.
<to be read again> 
                   \par 
l.29         \draw[->]
                       (x0) -- (yc);
I suspect you've forgotten a `}', causing me to apply this
control sequence to too much text. How can we recover?
My plan is to forget the whole thing and hope for the best.

Missing character: There is no / in font nullfont!
Missing character: There is no / in font nullfont!
! Argument of \language@active@arg> has an extra }.
<inserted text> 
                \par 
l.31         \draw[->]
                       (x1) -- (y1);
I've run across a `}' that doesn't seem to match anything.
For example, `\def\a#1{...}' and `\a}' would produce
this error. If you simply proceed now, the `\par' that
I've just inserted will cause me to report a runaway
argument that might be the root of the problem. But if
your `}' was spurious, just type `2' and it will go away.

Runaway argument?
! Paragraph ended before \language@active@arg> was complete.
<to be read again> 
                   \par 
l.31         \draw[->]
                       (x1) -- (y1);
I suspect you've forgotten a `}', causing me to apply this
control sequence to too much text. How can we recover?
My plan is to forget the whole thing and hope for the best.

Runaway argument?
-
! Paragraph ended before \pgfkeys@addpath was complete.
<to be read again> 
                   \par 
l.31         \draw[->]
                       (x1) -- (y1);
I suspect you've forgotten a `}', causing me to apply this
control sequence to too much text. How can we recover?
My plan is to forget the whole thing and hope for the best.

! Missing \endcsname inserted.
<to be read again> 
                   \par 
l.31         \draw[->]
                       (x1) -- (y1);
The control sequence marked <to be read again> should
not appear between \csname and \endcsname.

! Missing \endcsname inserted.
<to be read again> 
                   \par 
l.31         \draw[->]
                       (x1) -- (y1);
The control sequence marked <to be read again> should
not appear between \csname and \endcsname.

! Missing \endcsname inserted.
<to be read again> 
                   \par 
l.31         \draw[->]
                       (x1) -- (y1);
The control sequence marked <to be read again> should
not appear between \csname and \endcsname.

Runaway argument?
-
! Paragraph ended before \pgfkeys@splitter was complete.
<to be read again> 
                   \par 
l.31         \draw[->]
                       (x1) -- (y1);
I suspect you've forgotten a `}', causing me to apply this
control sequence to too much text. How can we recover?
My plan is to forget the whole thing and hope for the best.

Missing character: There is no / in font nullfont!
Missing character: There is no / in font nullfont!
! Argument of \language@active@arg> has an extra }.
<inserted text> 
                \par 
l.32         \draw[->]
                       (x1) -- (yc);
I've run across a `}' that doesn't seem to match anything.
For example, `\def\a#1{...}' and `\a}' would produce
this error. If you simply proceed now, the `\par' that
I've just inserted will cause me to report a runaway
argument that might be the root of the problem. But if
your `}' was spurious, just type `2' and it will go away.

Runaway argument?
! Paragraph ended before \language@active@arg> was complete.
<to be read again> 
                   \par 
l.32         \draw[->]
                       (x1) -- (yc);
I suspect you've forgotten a `}', causing me to apply this
control sequence to too much text. How can we recover?
My plan is to forget the whole thing and hope for the best.

Runaway argument?
-
! Paragraph ended before \pgfkeys@addpath was complete.
<to be read again> 
                   \par 
l.32         \draw[->]
                       (x1) -- (yc);
I suspect you've forgotten a `}', causing me to apply this
control sequence to too much text. How can we recover?
My plan is to forget the whole thing and hope for the best.

! Missing \endcsname inserted.
<to be read again> 
                   \par 
l.32         \draw[->]
                       (x1) -- (yc);
The control sequence marked <to be read again> should
not appear between \csname and \endcsname.

! Missing \endcsname inserted.
<to be read again> 
                   \par 
l.32         \draw[->]
                       (x1) -- (yc);
The control sequence marked <to be read again> should
not appear between \csname and \endcsname.

! Missing \endcsname inserted.
<to be read again> 
                   \par 
l.32         \draw[->]
                       (x1) -- (yc);
The control sequence marked <to be read again> should
not appear between \csname and \endcsname.

Runaway argument?
-
! Paragraph ended before \pgfkeys@splitter was complete.
<to be read again> 
                   \par 
l.32         \draw[->]
                       (x1) -- (yc);
I suspect you've forgotten a `}', causing me to apply this
control sequence to too much text. How can we recover?
My plan is to forget the whole thing and hope for the best.

Missing character: There is no / in font nullfont!
Missing character: There is no / in font nullfont!
! Argument of \language@active@arg> has an extra }.
<inserted text> 
                \par 
l.34         \draw[->]
                       (xd) -- (y1);
I've run across a `}' that doesn't seem to match anything.
For example, `\def\a#1{...}' and `\a}' would produce
this error. If you simply proceed now, the `\par' that
I've just inserted will cause me to report a runaway
argument that might be the root of the problem. But if
your `}' was spurious, just type `2' and it will go away.

Runaway argument?
! Paragraph ended before \language@active@arg> was complete.
<to be read again> 
                   \par 
l.34         \draw[->]
                       (xd) -- (y1);
I suspect you've forgotten a `}', causing me to apply this
control sequence to too much text. How can we recover?
My plan is to forget the whole thing and hope for the best.

Runaway argument?
-
! Paragraph ended before \pgfkeys@addpath was complete.
<to be read again> 
                   \par 
l.34         \draw[->]
                       (xd) -- (y1);
I suspect you've forgotten a `}', causing me to apply this
control sequence to too much text. How can we recover?
My plan is to forget the whole thing and hope for the best.

! Missing \endcsname inserted.
<to be read again> 
                   \par 
l.34         \draw[->]
                       (xd) -- (y1);
The control sequence marked <to be read again> should
not appear between \csname and \endcsname.

! Missing \endcsname inserted.
<to be read again> 
                   \par 
l.34         \draw[->]
                       (xd) -- (y1);
The control sequence marked <to be read again> should
not appear between \csname and \endcsname.

! Missing \endcsname inserted.
<to be read again> 
                   \par 
l.34         \draw[->]
                       (xd) -- (y1);
The control sequence marked <to be read again> should
not appear between \csname and \endcsname.

Runaway argument?
-
! Paragraph ended before \pgfkeys@splitter was complete.
<to be read again> 
                   \par 
l.34         \draw[->]
                       (xd) -- (y1);
I suspect you've forgotten a `}', causing me to apply this
control sequence to too much text. How can we recover?
My plan is to forget the whole thing and hope for the best.

Missing character: There is no / in font nullfont!
Missing character: There is no / in font nullfont!
! Argument of \language@active@arg> has an extra }.
<inserted text> 
                \par 
l.35         \draw[->]
                       (xd) -- (yc);
I've run across a `}' that doesn't seem to match anything.
For example, `\def\a#1{...}' and `\a}' would produce
this error. If you simply proceed now, the `\par' that
I've just inserted will cause me to report a runaway
argument that might be the root of the problem. But if
your `}' was spurious, just type `2' and it will go away.

Runaway argument?
! Paragraph ended before \language@active@arg> was complete.
<to be read again> 
                   \par 
l.35         \draw[->]
                       (xd) -- (yc);
I suspect you've forgotten a `}', causing me to apply this
control sequence to too much text. How can we recover?
My plan is to forget the whole thing and hope for the best.

Runaway argument?
-
! Paragraph ended before \pgfkeys@addpath was complete.
<to be read again> 
                   \par 
l.35         \draw[->]
                       (xd) -- (yc);
I suspect you've forgotten a `}', causing me to apply this
control sequence to too much text. How can we recover?
My plan is to forget the whole thing and hope for the best.

! Missing \endcsname inserted.
<to be read again> 
                   \par 
l.35         \draw[->]
                       (xd) -- (yc);
The control sequence marked <to be read again> should
not appear between \csname and \endcsname.

! Missing \endcsname inserted.
<to be read again> 
                   \par 
l.35         \draw[->]
                       (xd) -- (yc);
The control sequence marked <to be read again> should
not appear between \csname and \endcsname.

! Missing \endcsname inserted.
<to be read again> 
                   \par 
l.35         \draw[->]
                       (xd) -- (yc);
The control sequence marked <to be read again> should
not appear between \csname and \endcsname.

Runaway argument?
-
! Paragraph ended before \pgfkeys@splitter was complete.
<to be read again> 
                   \par 
l.35         \draw[->]
                       (xd) -- (yc);
I suspect you've forgotten a `}', causing me to apply this
control sequence to too much text. How can we recover?
My plan is to forget the whole thing and hope for the best.

Missing character: There is no / in font nullfont!
Missing character: There is no / in font nullfont!
[1{C:/Users/WELCOME/AppData/Local/MiKTeX/2.9/pdftex/config/pdftex.map}]
(diagram.aux) ) 
Here is how much of TeX's memory you used:
 14618 strings out of 492453
 292024 string characters out of 3119141
 328411 words of memory out of 3000000
 18679 multiletter control sequences out of 15000+200000
 8606 words of font info for 35 fonts, out of 3000000 for 9000
 1141 hyphenation exceptions out of 8191
 60i,7n,65p,475b,707s stack positions out of 5000i,500n,10000p,200000b,50000s
<C:/Users/WELCOME/AppData/Local/Programs/MiKTeX 2.9/fonts/type1/
public/amsfonts/cm/cmmi10.pfb><C:/Users/WELCOME/AppData/Local/Programs/MiKTeX 2
.9/fonts/type1/public/amsfonts/cm/cmmi8.pfb><C:/Users/WELCOME/AppData/Local/Pro
grams/MiKTeX 2.9/fonts/type1/public/amsfonts/cm/cmr10.pfb><C:/Users/WELCOME/App
Data/Local/Programs/MiKTeX 2.9/fonts/type1/public/amsfonts/cm/cmr8.pfb>
Output written on diagram.pdf (1 page, 43599 bytes).
PDF statistics:
 25 PDF objects out of 1000 (max. 8388607)
 0 named destinations out of 1000 (max. 500000)
 13 words of extra memory for PDF output out of 10000 (max. 10000000)

